<?xml version="1.0" encoding="UTF-8"?>
<testng-results ignored="0" total="1" passed="0" failed="1" skipped="0">
  <reporter-output>
  </reporter-output>
  <suite started-at="2019-12-19T17:41:49 EET" name="Default suite" finished-at="2019-12-19T17:42:13 EET" duration-ms="23985">
    <groups>
    </groups>
    <test started-at="2019-12-19T17:41:49 EET" name="Default test" finished-at="2019-12-19T17:42:13 EET" duration-ms="23985">
      <class name="MOJ.ExternalSystem.TestUserLoginAsOwner">
        <test-method is-config="true" signature="Open_External_System()[pri:0, instance:MOJ.ExternalSystem.TestUserLoginAsOwner@f8c1ddd]" started-at="2019-12-19T17:41:49 EET" name="Open_External_System" finished-at="2019-12-19T17:42:01 EET" duration-ms="11855" status="PASS">
          <reporter-output>
          </reporter-output>
        </test-method> <!-- Open_External_System -->
        <test-method signature="Test_User_Login_As_Owner()[pri:0, instance:MOJ.ExternalSystem.TestUserLoginAsOwner@f8c1ddd]" started-at="2019-12-19T17:42:01 EET" name="Test_User_Login_As_Owner" finished-at="2019-12-19T17:42:13 EET" duration-ms="12054" status="FAIL">
          <exception class="org.openqa.selenium.ElementClickInterceptedException">
            <message>
              <![CDATA[element click intercepted: Element <input type="checkbox" id="acceptConditions" class="custom-control-input"> is not clickable at point (1155, 429). Other element would receive the click: <label for="acceptConditions" class="custom-control-label">...</label>
  (Session info: chrome=79.0.3945.79)
Build info: version: '4.0.0-alpha-3', revision: '8c567de6dc'
System info: host: 'MLOUKA-LT', ip: '172.16.100.29', os.name: 'Windows 10', os.arch: 'amd64', os.version: '10.0', java.version: '13.0.1'
Driver info: org.openqa.selenium.chrome.ChromeDriver
Capabilities {acceptInsecureCerts: false, browserName: chrome, browserVersion: 79.0.3945.79, chrome: {chromedriverVersion: 79.0.3945.36 (3582db32b3389..., userDataDir: C:\Users\mgergis\AppData\Lo...}, goog:chromeOptions: {debuggerAddress: localhost:63632}, javascriptEnabled: true, networkConnectionEnabled: false, pageLoadStrategy: normal, platform: WINDOWS, platformName: WINDOWS, proxy: Proxy(), setWindowRect: true, strictFileInteractability: false, timeouts: {implicit: 0, pageLoad: 300000, script: 30000}, unhandledPromptBehavior: dismiss and notify}
Session ID: bac4471aa558255c8a4035edfa1a0502]]>
            </message>
            <full-stacktrace>
              <![CDATA[org.openqa.selenium.ElementClickInterceptedException: element click intercepted: Element <input type="checkbox" id="acceptConditions" class="custom-control-input"> is not clickable at point (1155, 429). Other element would receive the click: <label for="acceptConditions" class="custom-control-label">...</label>
  (Session info: chrome=79.0.3945.79)
Build info: version: '4.0.0-alpha-3', revision: '8c567de6dc'
System info: host: 'MLOUKA-LT', ip: '172.16.100.29', os.name: 'Windows 10', os.arch: 'amd64', os.version: '10.0', java.version: '13.0.1'
Driver info: org.openqa.selenium.chrome.ChromeDriver
Capabilities {acceptInsecureCerts: false, browserName: chrome, browserVersion: 79.0.3945.79, chrome: {chromedriverVersion: 79.0.3945.36 (3582db32b3389..., userDataDir: C:\Users\mgergis\AppData\Lo...}, goog:chromeOptions: {debuggerAddress: localhost:63632}, javascriptEnabled: true, networkConnectionEnabled: false, pageLoadStrategy: normal, platform: WINDOWS, platformName: WINDOWS, proxy: Proxy(), setWindowRect: true, strictFileInteractability: false, timeouts: {implicit: 0, pageLoad: 300000, script: 30000}, unhandledPromptBehavior: dismiss and notify}
Session ID: bac4471aa558255c8a4035edfa1a0502
at java.base/jdk.internal.reflect.NativeConstructorAccessorImpl.newInstance0(Native Method)
at java.base/jdk.internal.reflect.NativeConstructorAccessorImpl.newInstance(NativeConstructorAccessorImpl.java:62)
at java.base/jdk.internal.reflect.DelegatingConstructorAccessorImpl.newInstance(DelegatingConstructorAccessorImpl.java:45)
at java.base/java.lang.reflect.Constructor.newInstanceWithCaller(Constructor.java:500)
at java.base/java.lang.reflect.Constructor.newInstance(Constructor.java:481)
at org.openqa.selenium.remote.codec.w3c.W3CHttpResponseCodec.createException(W3CHttpResponseCodec.java:191)
at org.openqa.selenium.remote.codec.w3c.W3CHttpResponseCodec.decode(W3CHttpResponseCodec.java:125)
at org.openqa.selenium.remote.codec.w3c.W3CHttpResponseCodec.decode(W3CHttpResponseCodec.java:52)
at org.openqa.selenium.remote.HttpCommandExecutor.execute(HttpCommandExecutor.java:161)
at org.openqa.selenium.remote.service.DriverCommandExecutor.execute(DriverCommandExecutor.java:83)
at org.openqa.selenium.remote.RemoteWebDriver.execute(RemoteWebDriver.java:576)
at org.openqa.selenium.remote.RemoteWebElement.execute(RemoteWebElement.java:308)
at org.openqa.selenium.remote.RemoteWebElement.click(RemoteWebElement.java:83)
at java.base/jdk.internal.reflect.NativeMethodAccessorImpl.invoke0(Native Method)
at java.base/jdk.internal.reflect.NativeMethodAccessorImpl.invoke(NativeMethodAccessorImpl.java:62)
at java.base/jdk.internal.reflect.DelegatingMethodAccessorImpl.invoke(DelegatingMethodAccessorImpl.java:43)
at java.base/java.lang.reflect.Method.invoke(Method.java:567)
at org.openqa.selenium.support.pagefactory.internal.LocatingElementHandler.invoke(LocatingElementHandler.java:52)
at com.sun.proxy.$Proxy12.click(Unknown Source)
at MOJ.ExternalSystem.PageBase.CLickAction(PageBase.java:30)
at MOJ.ExternalSystem.NewLicenseRequest_ConditionPage.AcceptLicenseRequestCondition(NewLicenseRequest_ConditionPage.java:23)
at MOJ.ExternalSystem.TestUserLoginAsOwner.Test_User_Login_As_Owner(TestUserLoginAsOwner.java:20)
at java.base/jdk.internal.reflect.NativeMethodAccessorImpl.invoke0(Native Method)
at java.base/jdk.internal.reflect.NativeMethodAccessorImpl.invoke(NativeMethodAccessorImpl.java:62)
at java.base/jdk.internal.reflect.DelegatingMethodAccessorImpl.invoke(DelegatingMethodAccessorImpl.java:43)
at java.base/java.lang.reflect.Method.invoke(Method.java:567)
at org.testng.internal.MethodInvocationHelper.invokeMethod(MethodInvocationHelper.java:133)
at org.testng.internal.TestInvoker.invokeMethod(TestInvoker.java:584)
at org.testng.internal.TestInvoker.invokeTestMethod(TestInvoker.java:172)
at org.testng.internal.MethodRunner.runInSequence(MethodRunner.java:46)
at org.testng.internal.TestInvoker$MethodInvocationAgent.invoke(TestInvoker.java:804)
at org.testng.internal.TestInvoker.invokeTestMethods(TestInvoker.java:145)
at org.testng.internal.TestMethodWorker.invokeTestMethods(TestMethodWorker.java:146)
at org.testng.internal.TestMethodWorker.run(TestMethodWorker.java:128)
at java.base/java.util.ArrayList.forEach(ArrayList.java:1507)
at org.testng.TestRunner.privateRun(TestRunner.java:770)
at org.testng.TestRunner.run(TestRunner.java:591)
at org.testng.SuiteRunner.runTest(SuiteRunner.java:402)
at org.testng.SuiteRunner.runSequentially(SuiteRunner.java:396)
at org.testng.SuiteRunner.privateRun(SuiteRunner.java:355)
at org.testng.SuiteRunner.run(SuiteRunner.java:304)
at org.testng.SuiteRunnerWorker.runSuite(SuiteRunnerWorker.java:53)
at org.testng.SuiteRunnerWorker.run(SuiteRunnerWorker.java:96)
at org.testng.TestNG.runSuitesSequentially(TestNG.java:1180)
at org.testng.TestNG.runSuitesLocally(TestNG.java:1102)
at org.testng.TestNG.runSuites(TestNG.java:1032)
at org.testng.TestNG.run(TestNG.java:1000)
at org.testng.remote.AbstractRemoteTestNG.run(AbstractRemoteTestNG.java:115)
at org.testng.remote.RemoteTestNG.initAndRun(RemoteTestNG.java:251)
at org.testng.remote.RemoteTestNG.main(RemoteTestNG.java:77)
]]>
            </full-stacktrace>
          </exception> <!-- org.openqa.selenium.ElementClickInterceptedException -->
          <reporter-output>
          </reporter-output>
        </test-method> <!-- Test_User_Login_As_Owner -->
        <test-method is-config="true" signature="Close_External_System()[pri:0, instance:MOJ.ExternalSystem.TestUserLoginAsOwner@f8c1ddd]" started-at="2019-12-19T17:42:13 EET" name="Close_External_System" finished-at="2019-12-19T17:42:13 EET" duration-ms="1" status="PASS">
          <reporter-output>
          </reporter-output>
        </test-method> <!-- Close_External_System -->
      </class> <!-- MOJ.ExternalSystem.TestUserLoginAsOwner -->
    </test> <!-- Default test -->
  </suite> <!-- Default suite -->
</testng-results>
