<?xml version="1.0" encoding="UTF-8"?>
<testng-results total="2" passed="2" failed="0" skipped="0">
  <reporter-output>
  </reporter-output>
  <suite started-at="2019-12-25T10:53:40Z" name="test_suite" finished-at="2019-12-25T10:55:22Z" duration-ms="101261">
    <groups>
    </groups>
    <test started-at="2019-12-25T10:53:40Z" name="test" finished-at="2019-12-25T10:55:22Z" duration-ms="101261">
      <class name="MOJ.ExternalSystem.TestUserLoginAsOwner">
        <test-method is-config="true" signature="Open_External_System()[pri:0, instance:MOJ.ExternalSystem.TestUserLoginAsOwner@6b419da]" started-at="2019-12-25T12:53:40Z" name="Open_External_System" finished-at="2019-12-25T12:54:11Z" duration-ms="30400" status="PASS">
          <reporter-output>
          </reporter-output>
        </test-method> <!-- Open_External_System -->
        <test-method signature="Test_User_Login_As_valid()[pri:0, instance:MOJ.ExternalSystem.TestUserLoginAsOwner@6b419da]" started-at="2019-12-25T12:54:11Z" name="Test_User_Login_As_valid" finished-at="2019-12-25T12:54:26Z" duration-ms="14981" status="PASS">
          <reporter-output>
          </reporter-output>
        </test-method> <!-- Test_User_Login_As_valid -->
        <test-method is-config="true" signature="Close_External_System()[pri:0, instance:MOJ.ExternalSystem.TestUserLoginAsOwner@6b419da]" started-at="2019-12-25T12:54:26Z" name="Close_External_System" finished-at="2019-12-25T12:54:26Z" duration-ms="0" status="PASS">
          <reporter-output>
          </reporter-output>
        </test-method> <!-- Close_External_System -->
        <test-method is-config="true" signature="Open_External_System()[pri:0, instance:MOJ.ExternalSystem.TestUserLoginAsOwner@6b419da]" started-at="2019-12-25T12:54:26Z" name="Open_External_System" finished-at="2019-12-25T12:55:11Z" duration-ms="45196" status="PASS">
          <reporter-output>
          </reporter-output>
        </test-method> <!-- Open_External_System -->
        <test-method signature="Test_User_Login_not_valid()[pri:0, instance:MOJ.ExternalSystem.TestUserLoginAsOwner@6b419da]" started-at="2019-12-25T12:55:11Z" name="Test_User_Login_not_valid" finished-at="2019-12-25T12:55:22Z" duration-ms="10667" status="PASS">
          <reporter-output>
          </reporter-output>
        </test-method> <!-- Test_User_Login_not_valid -->
        <test-method is-config="true" signature="Close_External_System()[pri:0, instance:MOJ.ExternalSystem.TestUserLoginAsOwner@6b419da]" started-at="2019-12-25T12:55:22Z" name="Close_External_System" finished-at="2019-12-25T12:55:22Z" duration-ms="0" status="PASS">
          <reporter-output>
          </reporter-output>
        </test-method> <!-- Close_External_System -->
      </class> <!-- MOJ.ExternalSystem.TestUserLoginAsOwner -->
    </test> <!-- test -->
  </suite> <!-- test_suite -->
</testng-results>
