<?xml version="1.0" encoding="UTF-8"?>
<testsuite xmlns:xsi="http://www.w3.org/2001/XMLSchema-instance" xsi:noNamespaceSchemaLocation="https://maven.apache.org/surefire/maven-surefire-plugin/xsd/surefire-test-report-3.0.xsd" version="3.0" name="TestSuite" time="103.937" tests="2" errors="0" skipped="0" failures="0">
  <properties>
[...]
</properties>
  <testcase name="Test_User_Login_As_valid" classname="MOJ.ExternalSystem.TestUserLoginAsOwner" time="14.98"/>
  <testcase name="Test_User_Login_not_valid" classname="MOJ.ExternalSystem.TestUserLoginAsOwner" time="10.664"/>
</testsuite>